# JRE version: OpenJDK Runtime Environment (8.0_152-b01) (build 1.8.0_152-release-915-b01)
# Java VM: OpenJDK 64-Bit Server VM (25.152-b01 mixed mode windows-amd64 compressed oops)
Heap:
 PSYoungGen      total 84992K, used 20936K [0x00000000e0000000, 0x00000000e7e00000, 0x0000000100000000)
  eden space 73728K, 21% used [0x00000000e0000000,0x00000000e0fb2ba8,0x00000000e4800000)
  from space 11264K, 43% used [0x00000000e4800000,0x00000000e4cbf7b0,0x00000000e5300000)
  to   space 10752K, 0% used [0x00000000e7380000,0x00000000e7380000,0x00000000e7e00000)
 ParOldGen       total 48640K, used 15143K [0x00000000a0000000, 0x00000000a2f80000, 0x00000000e0000000)
  object space 48640K, 31% used [0x00000000a0000000,0x00000000a0ec9e48,0x00000000a2f80000)
 Metaspace       used 37605K, capacity 38656K, committed 39000K, reserved 1083392K
  class space    used 5016K, capacity 5394K, committed 5504K, reserved 1048576K
GC Heap History (10 events):
Event: 30.251 GC heap before
{Heap before GC invocations=11 (full 1):
 PSYoungGen      total 68096K, used 66962K [0x00000000e0000000, 0x00000000e4b00000, 0x0000000100000000)
  eden space 60416K, 100% used [0x00000000e0000000,0x00000000e3b00000,0x00000000e3b00000)
  from space 7680K, 85% used [0x00000000e3b80000,0x00000000e41e48c8,0x00000000e4300000)
  to   space 8192K, 0% used [0x00000000e4300000,0x00000000e4300000,0x00000000e4b00000)
 ParOldGen       total 37376K, used 9000K [0x00000000a0000000, 0x00000000a2480000, 0x00000000e0000000)
  object space 37376K, 24% used [0x00000000a0000000,0x00000000a08ca390,0x00000000a2480000)
 Metaspace       used 31340K, capacity 31978K, committed 32256K, reserved 1077248K
  class space    used 4314K, capacity 4580K, committed 4608K, reserved 1048576K
Event: 30.310 GC heap after
Heap after GC invocations=11 (full 1):
 PSYoungGen      total 67072K, used 8188K [0x00000000e0000000, 0x00000000e5d80000, 0x0000000100000000)
  eden space 58880K, 0% used [0x00000000e0000000,0x00000000e0000000,0x00000000e3980000)
  from space 8192K, 99% used [0x00000000e4300000,0x00000000e4aff378,0x00000000e4b00000)
  to   space 9728K, 0% used [0x00000000e3980000,0x00000000e3980000,0x00000000e4300000)
 ParOldGen       total 37376K, used 9999K [0x00000000a0000000, 0x00000000a2480000, 0x00000000e0000000)
  object space 37376K, 26% used [0x00000000a0000000,0x00000000a09c3cf0,0x00000000a2480000)
 Metaspace       used 31340K, capacity 31978K, committed 32256K, reserved 1077248K
  class space    used 4314K, capacity 4580K, committed 4608K, reserved 1048576K
}
Event: 37.416 GC heap before
{Heap before GC invocations=12 (full 1):
 PSYoungGen      total 67072K, used 67068K [0x00000000e0000000, 0x00000000e5d80000, 0x0000000100000000)
  eden space 58880K, 100% used [0x00000000e0000000,0x00000000e3980000,0x00000000e3980000)
  from space 8192K, 99% used [0x00000000e4300000,0x00000000e4aff378,0x00000000e4b00000)
  to   space 9728K, 0% used [0x00000000e3980000,0x00000000e3980000,0x00000000e4300000)
 ParOldGen       total 37376K, used 9999K [0x00000000a0000000, 0x00000000a2480000, 0x00000000e0000000)
  object space 37376K, 26% used [0x00000000a0000000,0x00000000a09c3cf0,0x00000000a2480000)
 Metaspace       used 34271K, capacity 34862K, committed 35200K, reserved 1079296K
  class space    used 4628K, capacity 4878K, committed 4992K, reserved 1048576K
Event: 37.479 GC heap after
Heap after GC invocations=12 (full 1):
 PSYoungGen      total 68608K, used 9716K [0x00000000e0000000, 0x00000000e5e00000, 0x0000000100000000)
  eden space 58880K, 0% used [0x00000000e0000000,0x00000000e0000000,0x00000000e3980000)
  from space 9728K, 99% used [0x00000000e3980000,0x00000000e42fd0e8,0x00000000e4300000)
  to   space 11264K, 0% used [0x00000000e5300000,0x00000000e5300000,0x00000000e5e00000)
 ParOldGen       total 37376K, used 10464K [0x00000000a0000000, 0x00000000a2480000, 0x00000000e0000000)
  object space 37376K, 27% used [0x00000000a0000000,0x00000000a0a380a0,0x00000000a2480000)
 Metaspace       used 34271K, capacity 34862K, committed 35200K, reserved 1079296K
  class space    used 4628K, capacity 4878K, committed 4992K, reserved 1048576K
}
Event: 37.635 GC heap before
{Heap before GC invocations=13 (full 1):
 PSYoungGen      total 68608K, used 13039K [0x00000000e0000000, 0x00000000e5e00000, 0x0000000100000000)
  eden space 58880K, 5% used [0x00000000e0000000,0x00000000e033ebb0,0x00000000e3980000)
  from space 9728K, 99% used [0x00000000e3980000,0x00000000e42fd0e8,0x00000000e4300000)
  to   space 11264K, 0% used [0x00000000e5300000,0x00000000e5300000,0x00000000e5e00000)
 ParOldGen       total 37376K, used 10464K [0x00000000a0000000, 0x00000000a2480000, 0x00000000e0000000)
  object space 37376K, 27% used [0x00000000a0000000,0x00000000a0a380a0,0x00000000a2480000)
 Metaspace       used 34720K, capacity 35284K, committed 35416K, reserved 1079296K
  class space    used 4662K, capacity 4911K, committed 4992K, reserved 1048576K
Event: 37.702 GC heap after
Heap after GC invocations=13 (full 1):
 PSYoungGen      total 84992K, used 7041K [0x00000000e0000000, 0x00000000e6c80000, 0x0000000100000000)
  eden space 73728K, 0% used [0x00000000e0000000,0x00000000e0000000,0x00000000e4800000)
  from space 11264K, 62% used [0x00000000e5300000,0x00000000e59e04e0,0x00000000e5e00000)
  to   space 11264K, 0% used [0x00000000e4800000,0x00000000e4800000,0x00000000e5300000)
 ParOldGen       total 37376K, used 12306K [0x00000000a0000000, 0x00000000a2480000, 0x00000000e0000000)
  object space 37376K, 32% used [0x00000000a0000000,0x00000000a0c04978,0x00000000a2480000)
 Metaspace       used 34720K, capacity 35284K, committed 35416K, reserved 1079296K
  class space    used 4662K, capacity 4911K, committed 4992K, reserved 1048576K
}
Event: 37.702 GC heap before
{Heap before GC invocations=14 (full 2):
 PSYoungGen      total 84992K, used 7041K [0x00000000e0000000, 0x00000000e6c80000, 0x0000000100000000)
  eden space 73728K, 0% used [0x00000000e0000000,0x00000000e0000000,0x00000000e4800000)
  from space 11264K, 62% used [0x00000000e5300000,0x00000000e59e04e0,0x00000000e5e00000)
  to   space 11264K, 0% used [0x00000000e4800000,0x00000000e4800000,0x00000000e5300000)
 ParOldGen       total 37376K, used 12306K [0x00000000a0000000, 0x00000000a2480000, 0x00000000e0000000)
  object space 37376K, 32% used [0x00000000a0000000,0x00000000a0c04978,0x00000000a2480000)
 Metaspace       used 34720K, capacity 35284K, committed 35416K, reserved 1079296K
  class space    used 4662K, capacity 4911K, committed 4992K, reserved 1048576K
Event: 38.227 GC heap after
Heap after GC invocations=14 (full 2):
 PSYoungGen      total 84992K, used 0K [0x00000000e0000000, 0x00000000e6c80000, 0x0000000100000000)
  eden space 73728K, 0% used [0x00000000e0000000,0x00000000e0000000,0x00000000e4800000)
  from space 11264K, 0% used [0x00000000e5300000,0x00000000e5300000,0x00000000e5e00000)
  to   space 11264K, 0% used [0x00000000e4800000,0x00000000e4800000,0x00000000e5300000)
 ParOldGen       total 48640K, used 15135K [0x00000000a0000000, 0x00000000a2f80000, 0x00000000e0000000)
  object space 48640K, 31% used [0x00000000a0000000,0x00000000a0ec7e48,0x00000000a2f80000)
 Metaspace       used 34720K, capacity 35284K, committed 35416K, reserved 1079296K
  class space    used 4662K, capacity 4911K, committed 4992K, reserved 1048576K
}
Event: 281.055 GC heap before
{Heap before GC invocations=15 (full 2):
 PSYoungGen      total 84992K, used 73728K [0x00000000e0000000, 0x00000000e6c80000, 0x0000000100000000)
  eden space 73728K, 100% used [0x00000000e0000000,0x00000000e4800000,0x00000000e4800000)
  from space 11264K, 0% used [0x00000000e5300000,0x00000000e5300000,0x00000000e5e00000)
  to   space 11264K, 0% used [0x00000000e4800000,0x00000000e4800000,0x00000000e5300000)
 ParOldGen       total 48640K, used 15135K [0x00000000a0000000, 0x00000000a2f80000, 0x00000000e0000000)
  object space 48640K, 31% used [0x00000000a0000000,0x00000000a0ec7e48,0x00000000a2f80000)
 Metaspace       used 37503K, capacity 38592K, committed 38744K, reserved 1083392K
  class space    used 5016K, capacity 5394K, committed 5504K, reserved 1048576K
Event: 281.132 GC heap after
Heap after GC invocations=15 (full 2):
 PSYoungGen      total 84992K, used 4861K [0x00000000e0000000, 0x00000000e7e00000, 0x0000000100000000)
  eden space 73728K, 0% used [0x00000000e0000000,0x00000000e0000000,0x00000000e4800000)
  from space 11264K, 43% used [0x00000000e4800000,0x00000000e4cbf7b0,0x00000000e5300000)
  to   space 10752K, 0% used [0x00000000e7380000,0x00000000e7380000,0x00000000e7e00000)
 ParOldGen       total 48640K, used 15143K [0x00000000a0000000, 0x00000000a2f80000, 0x00000000e0000000)
  object space 48640K, 31% used [0x00000000a0000000,0x00000000a0ec9e48,0x00000000a2f80000)
 Metaspace       used 37503K, capacity 38592K, committed 38744K, reserved 1083392K
  class space    used 5016K, capacity 5394K, committed 5504K, reserved 1048576K
}

